2021-02-14 12:17:51,042 [INFO] Activator:170 - 


2021-02-14 12:17:51,047 [INFO] Activator:171 - !SESSION log4j initialized
2021-02-14 12:17:53,345 [ERROR] LogOutputStream:74 - [STDERR_REDIRECT] 
2021-02-14 12:19:16,771 [ERROR] ApiDbMcu:1471 - Can't use Application install path:
2021-02-14 12:19:16,774 [WARN] RulesReader:54 - Compatibility file://mcu/compatibility.xml not found
2021-02-14 12:19:48,545 [INFO] ApplicationProperties:181 - Using Application install path: /Applications/STM32CubeIDE.app/Contents/Eclipse/plugins/com.st.stm32cube.common.mx_6.1.0.202011121557
2021-02-14 12:19:48,572 [INFO] DbMcusXml:71 - Set database path to: /Applications/STM32CubeIDE.app/Contents/Eclipse/plugins/com.st.stm32cube.common.mx_6.1.0.202011121557//db//mcu/
2021-02-14 12:19:48,585 [INFO] DbBoardsPdsc:57 - Set plugin database path to: /Applications/STM32CubeIDE.app/Contents/Eclipse/plugins/com.st.stm32cube.common.mx_6.1.0.202011121557//db//plugins/boardmanager/
2021-02-14 12:19:48,586 [INFO] DbMcus:259 - Set plugin images path to: /Applications/STM32CubeIDE.app/Contents/Eclipse/plugins/com.st.stm32cube.common.mx_6.1.0.202011121557//db//plugins/mcufinder/images/
2021-02-14 12:19:48,586 [INFO] DbBoards:265 - Set plugin images path to: /Applications/STM32CubeIDE.app/Contents/Eclipse/plugins/com.st.stm32cube.common.mx_6.1.0.202011121557//db//plugins/mcufinder/images/
2021-02-14 12:19:48,593 [INFO] DbExamples:329 - Set plugin images path to: /Applications/STM32CubeIDE.app/Contents/Eclipse/plugins/com.st.stm32cube.common.mx_6.1.0.202011121557//db//plugins/mcufinder/images/
2021-02-14 12:19:48,608 [INFO] DbMcusDocs:112 - Set database path to: /Users/Dian/.stmcufinder/plugins/mcufinder//mcu/
2021-02-14 12:19:48,614 [INFO] DbMcusJson:63 - Set database path to: /Users/Dian/.stmcufinder/plugins/mcufinder//mcu/
2021-02-14 12:19:48,616 [INFO] DbBoardsDocs:112 - Set database path to: /Users/Dian/.stmcufinder/plugins/mcufinder//mcu/
2021-02-14 12:19:48,620 [INFO] DbBoardsJson:56 - Set database path to: /Users/Dian/.stmcufinder/plugins/mcufinder//mcu/
2021-02-14 12:19:48,633 [INFO] CrossReferenceDbSqlite:196 - Set database path to: /Users/Dian/.stmcufinder/plugins/mcufinder//mcu/cs/
2021-02-14 12:19:48,644 [INFO] DbExamplesSqlite:699 - Set database path to: /Users/Dian/.stmcufinder/plugins/mcufinder//mcu/
2021-02-14 12:19:48,851 [INFO] MicroXplorer:565 - Detected Java Version = 1.8.0_272
2021-02-14 12:19:48,852 [INFO] DbMcusXml:71 - Set database path to: /Applications/STM32CubeIDE.app/Contents/Eclipse/plugins/com.st.stm32cube.common.mx_6.1.0.202011121557//db//mcu/
2021-02-14 12:19:48,853 [INFO] DbBoardsPdsc:57 - Set plugin database path to: /Applications/STM32CubeIDE.app/Contents/Eclipse/plugins/com.st.stm32cube.common.mx_6.1.0.202011121557//db//plugins/boardmanager/
2021-02-14 12:19:48,854 [INFO] DbMcus:259 - Set plugin images path to: /Applications/STM32CubeIDE.app/Contents/Eclipse/plugins/com.st.stm32cube.common.mx_6.1.0.202011121557//db//plugins/mcufinder/images/
2021-02-14 12:19:48,854 [INFO] DbBoards:265 - Set plugin images path to: /Applications/STM32CubeIDE.app/Contents/Eclipse/plugins/com.st.stm32cube.common.mx_6.1.0.202011121557//db//plugins/mcufinder/images/
2021-02-14 12:19:48,854 [INFO] DbExamples:329 - Set plugin images path to: /Applications/STM32CubeIDE.app/Contents/Eclipse/plugins/com.st.stm32cube.common.mx_6.1.0.202011121557//db//plugins/mcufinder/images/
2021-02-14 12:19:48,855 [WARN] DbFile:36 - Overriding database path with different value: /Users/Dian/.stmcufinder/plugins/mcufinder/ => /Users/Dian/.stmcufinder/plugins/mcufinder
2021-02-14 12:19:48,855 [INFO] DbMcusDocs:112 - Set database path to: /Users/Dian/.stmcufinder/plugins/mcufinder//mcu/
2021-02-14 12:19:48,856 [WARN] DbFile:36 - Overriding database path with different value: /Users/Dian/.stmcufinder/plugins/mcufinder/ => /Users/Dian/.stmcufinder/plugins/mcufinder
2021-02-14 12:19:48,856 [INFO] DbMcusJson:63 - Set database path to: /Users/Dian/.stmcufinder/plugins/mcufinder//mcu/
2021-02-14 12:19:48,856 [WARN] DbFile:36 - Overriding database path with different value: /Users/Dian/.stmcufinder/plugins/mcufinder/ => /Users/Dian/.stmcufinder/plugins/mcufinder
2021-02-14 12:19:48,856 [INFO] DbBoardsDocs:112 - Set database path to: /Users/Dian/.stmcufinder/plugins/mcufinder//mcu/
2021-02-14 12:19:48,857 [WARN] DbFile:36 - Overriding database path with different value: /Users/Dian/.stmcufinder/plugins/mcufinder/ => /Users/Dian/.stmcufinder/plugins/mcufinder
2021-02-14 12:19:48,857 [INFO] DbBoardsJson:56 - Set database path to: /Users/Dian/.stmcufinder/plugins/mcufinder//mcu/
2021-02-14 12:19:48,857 [WARN] DbFile:36 - Overriding database path with different value: /Users/Dian/.stmcufinder/plugins/mcufinder/ => /Users/Dian/.stmcufinder/plugins/mcufinder
2021-02-14 12:19:48,857 [WARN] DbFile:36 - Overriding database path with different value: /Users/Dian/.stmcufinder/plugins/mcufinder/ => /Users/Dian/.stmcufinder/plugins/mcufinder
2021-02-14 12:19:48,858 [INFO] CrossReferenceDbSqlite:196 - Set database path to: /Users/Dian/.stmcufinder/plugins/mcufinder//mcu/cs/
2021-02-14 12:19:48,858 [WARN] DbFile:36 - Overriding database path with different value: /Users/Dian/.stmcufinder/plugins/mcufinder/ => /Users/Dian/.stmcufinder/plugins/mcufinder
2021-02-14 12:19:48,858 [INFO] DbExamplesSqlite:699 - Set database path to: /Users/Dian/.stmcufinder/plugins/mcufinder//mcu/
2021-02-14 12:19:49,107 [INFO] MainPanel:190 - HeapMemory: 596639744
2021-02-14 12:19:49,590 [INFO] DbMcusXml:71 - Set database path to: /Applications/STM32CubeIDE.app/Contents/Eclipse/plugins/com.st.stm32cube.common.mx_6.1.0.202011121557//db//mcu/
2021-02-14 12:19:49,591 [INFO] DbBoardsPdsc:57 - Set plugin database path to: /Applications/STM32CubeIDE.app/Contents/Eclipse/plugins/com.st.stm32cube.common.mx_6.1.0.202011121557//db//plugins/boardmanager/
2021-02-14 12:19:49,591 [INFO] DbMcus:259 - Set plugin images path to: /Applications/STM32CubeIDE.app/Contents/Eclipse/plugins/com.st.stm32cube.common.mx_6.1.0.202011121557//db//plugins/mcufinder/images/
2021-02-14 12:19:49,591 [INFO] DbBoards:265 - Set plugin images path to: /Applications/STM32CubeIDE.app/Contents/Eclipse/plugins/com.st.stm32cube.common.mx_6.1.0.202011121557//db//plugins/mcufinder/images/
2021-02-14 12:19:49,591 [INFO] DbExamples:329 - Set plugin images path to: /Applications/STM32CubeIDE.app/Contents/Eclipse/plugins/com.st.stm32cube.common.mx_6.1.0.202011121557//db//plugins/mcufinder/images/
2021-02-14 12:19:49,594 [WARN] DbFile:36 - Overriding database path with different value: /Users/Dian/.stmcufinder/plugins/mcufinder/ => /Users/Dian/.stmcufinder/plugins/mcufinder
2021-02-14 12:19:49,595 [INFO] DbMcusDocs:112 - Set database path to: /Users/Dian/.stmcufinder/plugins/mcufinder//mcu/
2021-02-14 12:19:49,595 [WARN] DbFile:36 - Overriding database path with different value: /Users/Dian/.stmcufinder/plugins/mcufinder/ => /Users/Dian/.stmcufinder/plugins/mcufinder
2021-02-14 12:19:49,595 [INFO] DbMcusJson:63 - Set database path to: /Users/Dian/.stmcufinder/plugins/mcufinder//mcu/
2021-02-14 12:19:49,595 [WARN] DbFile:36 - Overriding database path with different value: /Users/Dian/.stmcufinder/plugins/mcufinder/ => /Users/Dian/.stmcufinder/plugins/mcufinder
2021-02-14 12:19:49,596 [INFO] DbBoardsDocs:112 - Set database path to: /Users/Dian/.stmcufinder/plugins/mcufinder//mcu/
2021-02-14 12:19:49,596 [WARN] DbFile:36 - Overriding database path with different value: /Users/Dian/.stmcufinder/plugins/mcufinder/ => /Users/Dian/.stmcufinder/plugins/mcufinder
2021-02-14 12:19:49,597 [INFO] DbBoardsJson:56 - Set database path to: /Users/Dian/.stmcufinder/plugins/mcufinder//mcu/
2021-02-14 12:19:49,597 [WARN] DbFile:36 - Overriding database path with different value: /Users/Dian/.stmcufinder/plugins/mcufinder/ => /Users/Dian/.stmcufinder/plugins/mcufinder
2021-02-14 12:19:49,597 [WARN] DbFile:36 - Overriding database path with different value: /Users/Dian/.stmcufinder/plugins/mcufinder/ => /Users/Dian/.stmcufinder/plugins/mcufinder
2021-02-14 12:19:49,597 [INFO] CrossReferenceDbSqlite:196 - Set database path to: /Users/Dian/.stmcufinder/plugins/mcufinder//mcu/cs/
2021-02-14 12:19:49,598 [WARN] DbFile:36 - Overriding database path with different value: /Users/Dian/.stmcufinder/plugins/mcufinder/ => /Users/Dian/.stmcufinder/plugins/mcufinder
2021-02-14 12:19:49,598 [INFO] DbExamplesSqlite:699 - Set database path to: /Users/Dian/.stmcufinder/plugins/mcufinder//mcu/
2021-02-14 12:19:49,667 [INFO] ApplicationProperties:181 - Using Application install path: /Applications/STM32CubeIDE.app/Contents/Eclipse/plugins/com.st.stm32cube.common.mx_6.1.0.202011121557
2021-02-14 12:19:49,669 [INFO] PluginManage:178 - Search for loadable plugins [exclusion list=, ]
2021-02-14 12:19:49,673 [INFO] PluginManage:292 - Check plugin analytics
2021-02-14 12:19:50,203 [INFO] AnalyticsPlugin:225 - Accepted Software Licenses: STM32CubeMX.6.1.1
2021-02-14 12:19:50,204 [INFO] AnalyticsPlugin:227 - Accepted CMSIS Pack Licenses: 
2021-02-14 12:19:50,204 [INFO] AnalyticsPlugin:229 - Accepted Firmware Licenses: 
2021-02-14 12:19:50,205 [INFO] PluginManage:342 - Loaded plugin analytics (category:tool,tabindex:-1)
2021-02-14 12:19:50,205 [INFO] PluginManage:292 - Check plugin clock
2021-02-14 12:19:50,257 [INFO] PluginManage:342 - Loaded plugin clock (category:base,tabindex:2)
2021-02-14 12:19:50,257 [INFO] PluginManage:292 - Check plugin ddr
2021-02-14 12:19:50,271 [INFO] PluginManage:342 - Loaded plugin ddr (category:tool,tabindex:6)
2021-02-14 12:19:50,271 [INFO] PluginManage:292 - Check plugin filemanager
2021-02-14 12:19:50,752 [INFO] PluginManage:342 - Loaded plugin filemanager (category:base,tabindex:10)
2021-02-14 12:19:50,753 [INFO] PluginManage:292 - Check plugin ipmanager
2021-02-14 12:19:50,781 [INFO] PluginManage:342 - Loaded plugin ipmanager (category:base,tabindex:5)
2021-02-14 12:19:50,781 [INFO] PluginManage:292 - Check plugin pinoutandconfiguration
2021-02-14 12:19:50,817 [INFO] PluginManage:342 - Loaded plugin pinoutandconfiguration (category:base,tabindex:1)
2021-02-14 12:19:50,817 [INFO] PluginManage:292 - Check plugin pinoutconfig
2021-02-14 12:19:50,902 [INFO] PluginManage:342 - Loaded plugin pinoutconfig (category:base,tabindex:0)
2021-02-14 12:19:50,905 [INFO] PluginManage:292 - Check plugin power
2021-02-14 12:19:50,952 [INFO] PluginManage:342 - Loaded plugin power (category:power,tabindex:4)
2021-02-14 12:19:50,952 [INFO] PluginManage:292 - Check plugin projectmanager
2021-02-14 12:19:50,980 [INFO] PluginManage:342 - Loaded plugin projectmanager (category:projectmanager,tabindex:3)
2021-02-14 12:19:50,980 [INFO] PluginManage:292 - Check plugin thirdparty
2021-02-14 12:19:51,343 [INFO] PluginManage:342 - Loaded plugin thirdparty (category:base,tabindex:-1)
2021-02-14 12:19:51,343 [INFO] PluginManage:292 - Check plugin tools
2021-02-14 12:19:51,346 [WARN] IntegrityCheckThread:59 - waiting for thirdparty lock release [integrity check]
2021-02-14 12:19:51,353 [INFO] IntegrityCheckThread:61 - entering critical section [integrity check]
2021-02-14 12:19:51,353 [INFO] ThirdPartyUpdaterWithRetryManager:56 - Updater plugin not ready yet. [1/15]
2021-02-14 12:19:51,357 [INFO] PluginManage:342 - Loaded plugin tools (category:base,tabindex:7)
2021-02-14 12:19:51,357 [INFO] PluginManage:292 - Check plugin tutovideos
2021-02-14 12:19:52,279 [INFO] PluginManage:342 - Loaded plugin tutovideos (category:base,tabindex:-1)
2021-02-14 12:19:52,279 [INFO] PluginManage:292 - Check plugin updater
2021-02-14 12:19:52,322 [INFO] PluginManage:342 - Loaded plugin updater (category:base,tabindex:12)
2021-02-14 12:19:52,323 [INFO] PluginManage:265 - PluginManage : Loaded plugins [13]
2021-02-14 12:19:54,358 [INFO] ThirdPartyUpdaterWithRetryManager:56 - Updater plugin not ready yet. [2/15]
2021-02-14 12:19:55,543 [INFO] PinOutPanel:1434 - setPackage(No Configuration,No Configuration)
2021-02-14 12:19:55,816 [INFO] IPUIPlugin:64 - create IPUIPlugin
2021-02-14 12:19:55,817 [INFO] PluginManager:203 - loadIPPluginJar : add mdma
2021-02-14 12:19:55,842 [INFO] IPUIPlugin:64 - create IPUIPlugin
2021-02-14 12:19:55,842 [INFO] PluginManager:203 - loadIPPluginJar : add freertos
2021-02-14 12:19:55,871 [INFO] IPUIPlugin:64 - create IPUIPlugin
2021-02-14 12:19:55,871 [INFO] PluginManager:203 - loadIPPluginJar : add gic
2021-02-14 12:19:55,914 [INFO] IPUIPlugin:64 - create IPUIPlugin
2021-02-14 12:19:55,915 [INFO] PluginManager:203 - loadIPPluginJar : add adc
2021-02-14 12:19:55,921 [INFO] IPUIPlugin:64 - create IPUIPlugin
2021-02-14 12:19:55,921 [INFO] PluginManager:203 - loadIPPluginJar : add gtzc
2021-02-14 12:19:55,926 [INFO] IPUIPlugin:64 - create IPUIPlugin
2021-02-14 12:19:55,926 [INFO] PluginManager:203 - loadIPPluginJar : add quadspi
2021-02-14 12:19:55,932 [INFO] IPUIPlugin:64 - create IPUIPlugin
2021-02-14 12:19:55,932 [INFO] PluginManager:203 - loadIPPluginJar : add aes
2021-02-14 12:19:55,944 [INFO] IPUIPlugin:64 - create IPUIPlugin
2021-02-14 12:19:55,945 [INFO] PluginManager:203 - loadIPPluginJar : add pdm2pcm
2021-02-14 12:19:55,951 [INFO] IPUIPlugin:64 - create IPUIPlugin
2021-02-14 12:19:55,951 [INFO] PluginManager:203 - loadIPPluginJar : add hash
2021-02-14 12:19:55,956 [INFO] IPUIPlugin:64 - create IPUIPlugin
2021-02-14 12:19:55,957 [INFO] PluginManager:203 - loadIPPluginJar : add tim
2021-02-14 12:19:55,961 [INFO] IPUIPlugin:64 - create IPUIPlugin
2021-02-14 12:19:55,962 [INFO] PluginManager:203 - loadIPPluginJar : add tsc
2021-02-14 12:19:55,967 [INFO] IPUIPlugin:64 - create IPUIPlugin
2021-02-14 12:19:55,967 [INFO] PluginManager:203 - loadIPPluginJar : add ts
2021-02-14 12:19:55,977 [INFO] IPUIPlugin:64 - create IPUIPlugin
2021-02-14 12:19:55,977 [INFO] PluginManager:203 - loadIPPluginJar : add can
2021-02-14 12:19:55,983 [INFO] IPUIPlugin:64 - create IPUIPlugin
2021-02-14 12:19:55,983 [INFO] PluginManager:203 - loadIPPluginJar : add dfsdm
2021-02-14 12:19:55,993 [INFO] IPUIPlugin:64 - create IPUIPlugin
2021-02-14 12:19:55,994 [INFO] PluginManager:203 - loadIPPluginJar : add spi
2021-02-14 12:19:56,006 [INFO] IPUIPlugin:64 - create IPUIPlugin
2021-02-14 12:19:56,007 [INFO] PluginManager:203 - loadIPPluginJar : add gfxmmu
2021-02-14 12:19:56,013 [INFO] IPUIPlugin:64 - create IPUIPlugin
2021-02-14 12:19:56,013 [INFO] PluginManager:203 - loadIPPluginJar : add genericplugin
2021-02-14 12:19:56,021 [INFO] IPUIPlugin:64 - create IPUIPlugin
2021-02-14 12:19:56,021 [INFO] PluginManager:203 - loadIPPluginJar : add cryp
2021-02-14 12:19:56,040 [INFO] IPUIPlugin:64 - create IPUIPlugin
2021-02-14 12:19:56,041 [INFO] PluginManager:203 - loadIPPluginJar : add gpio
2021-02-14 12:19:56,046 [INFO] IPUIPlugin:64 - create IPUIPlugin
2021-02-14 12:19:56,046 [INFO] PluginManager:203 - loadIPPluginJar : add comp
2021-02-14 12:19:56,052 [INFO] IPUIPlugin:64 - create IPUIPlugin
2021-02-14 12:19:56,052 [INFO] PluginManager:203 - loadIPPluginJar : add tracer_emb
2021-02-14 12:19:56,062 [INFO] IPUIPlugin:64 - create IPUIPlugin
2021-02-14 12:19:56,063 [INFO] PluginManager:203 - loadIPPluginJar : add openamp
2021-02-14 12:19:56,075 [INFO] IPUIPlugin:64 - create IPUIPlugin
2021-02-14 12:19:56,076 [INFO] PluginManager:203 - loadIPPluginJar : add stm32_wpan
2021-02-14 12:19:56,104 [INFO] IPUIPlugin:64 - create IPUIPlugin
2021-02-14 12:19:56,110 [INFO] PluginManager:203 - loadIPPluginJar : add plateformsettings
2021-02-14 12:19:56,124 [INFO] IPUIPlugin:64 - create IPUIPlugin
2021-02-14 12:19:56,125 [INFO] PluginManager:203 - loadIPPluginJar : add ipddr
2021-02-14 12:19:56,132 [INFO] IPUIPlugin:64 - create IPUIPlugin
2021-02-14 12:19:56,133 [INFO] PluginManager:203 - loadIPPluginJar : add usart
2021-02-14 12:19:56,140 [INFO] IPUIPlugin:64 - create IPUIPlugin
2021-02-14 12:19:56,141 [INFO] PluginManager:203 - loadIPPluginJar : add ltdc
2021-02-14 12:19:56,157 [INFO] IPUIPlugin:64 - create IPUIPlugin
2021-02-14 12:19:56,158 [INFO] PluginManager:203 - loadIPPluginJar : add nvic
2021-02-14 12:19:56,163 [INFO] IPUIPlugin:64 - create IPUIPlugin
2021-02-14 12:19:56,163 [INFO] PluginManager:203 - loadIPPluginJar : add fatfs
2021-02-14 12:19:56,182 [INFO] IPUIPlugin:64 - create IPUIPlugin
2021-02-14 12:19:56,182 [INFO] PluginManager:203 - loadIPPluginJar : add dma
2021-02-14 12:19:56,200 [INFO] IPUIPlugin:64 - create IPUIPlugin
2021-02-14 12:19:56,200 [INFO] PluginManager:203 - loadIPPluginJar : add fmc
2021-02-14 12:19:56,213 [INFO] IPUIPlugin:64 - create IPUIPlugin
2021-02-14 12:19:56,213 [INFO] PluginManager:203 - loadIPPluginJar : add i2s
2021-02-14 12:19:56,219 [INFO] IPUIPlugin:64 - create IPUIPlugin
2021-02-14 12:19:56,220 [INFO] PluginManager:203 - loadIPPluginJar : add ucpd
2021-02-14 12:19:56,227 [INFO] IPUIPlugin:64 - create IPUIPlugin
2021-02-14 12:19:56,228 [INFO] PluginManager:203 - loadIPPluginJar : add lorawan
2021-02-14 12:19:56,234 [INFO] IPUIPlugin:64 - create IPUIPlugin
2021-02-14 12:19:56,234 [INFO] PluginManager:203 - loadIPPluginJar : add opamp
2021-02-14 12:19:56,247 [INFO] IPUIPlugin:64 - create IPUIPlugin
2021-02-14 12:19:56,247 [INFO] PluginManager:203 - loadIPPluginJar : add touchsensing
2021-02-14 12:19:56,255 [INFO] IPUIPlugin:64 - create IPUIPlugin
2021-02-14 12:19:56,256 [INFO] PluginManager:203 - loadIPPluginJar : add i2c
2021-02-14 12:19:56,272 [INFO] IPUIPlugin:64 - create IPUIPlugin
2021-02-14 12:19:56,273 [INFO] PluginManager:203 - loadIPPluginJar : add resmgrutility
2021-02-14 12:19:56,284 [INFO] IPUIPlugin:64 - create IPUIPlugin
2021-02-14 12:19:56,285 [INFO] PluginManager:203 - loadIPPluginJar : add sai
2021-02-14 12:19:56,887 [FATAL] Updater:284 - Updater called before beeing initialized
2021-02-14 12:19:57,067 [FATAL] Updater:284 - Updater called before beeing initialized
2021-02-14 12:19:57,224 [WARN] DetailPanel:347 - Failed to get advertising image, set to default
2021-02-14 12:19:57,231 [FATAL] Updater:284 - Updater called before beeing initialized
2021-02-14 12:19:57,232 [WARN] DetailPanel:347 - Failed to get advertising image, set to default
2021-02-14 12:19:57,300 [FATAL] Updater:284 - Updater called before beeing initialized
2021-02-14 12:19:57,301 [WARN] ThirdParty:783 - waiting for thirdparty lock release [close project]
2021-02-14 12:19:57,362 [INFO] ThirdPartyUpdaterWithRetryManager:56 - Updater plugin not ready yet. [3/15]
2021-02-14 12:20:00,363 [FATAL] Updater:284 - Updater called before beeing initialized
2021-02-14 12:20:00,363 [ERROR] AbstractThirdPartyUpdaterManager:153 - java.lang.Integer cannot be cast to java.util.List
2021-02-14 12:20:00,364 [INFO] ThirdParty:887 - Integrity check success = false
2021-02-14 12:20:00,364 [INFO] IntegrityCheckThread:75 - exiting critical section [integrity check]
2021-02-14 12:20:00,364 [INFO] IntegrityCheckThread:78 - End integrity checks thread
2021-02-14 12:20:00,365 [INFO] ThirdParty:785 - entering critical section [close project]
2021-02-14 12:20:00,367 [INFO] ThirdParty:796 - exiting critical section [close project]
2021-02-14 12:20:00,373 [INFO] PinOutPanel:1434 - setPackage(No Configuration,No Configuration)
2021-02-14 12:20:00,375 [FATAL] Updater:284 - Updater called before beeing initialized
2021-02-14 12:20:00,386 [ERROR] Updater:1065 - MainUpdater not yet initialized. External WinMGr cannot be set.
2021-02-14 12:20:00,392 [INFO] Updater:1002 - Updater Version found : 6.1.0
2021-02-14 12:20:00,473 [INFO] ApplicationProperties:181 - Using Application install path: /Applications/STM32CubeIDE.app/Contents/Eclipse/plugins/com.st.stm32cube.common.mx_6.1.0.202011121557
2021-02-14 12:20:00,835 [ERROR] LogOutputStream:74 - [STDERR_REDIRECT] [Fatal Error] :1:1: Content is not allowed in prolog.
2021-02-14 12:20:00,837 [ERROR] LogOutputStream:74 - [STDERR_REDIRECT] 
2021-02-14 12:20:01,123 [INFO] MainUpdater:2644 - connection check result : 10
2021-02-14 12:20:01,124 [INFO] MainUpdater:249 - Updater Check For Update Now.
2021-02-14 12:20:01,125 [INFO] MicroXplorer:415 - Change Database Version : DB.6.0.10
2021-02-14 12:20:01,208 [INFO] CheckServerUpdateThread:102 - End of CheckServer Thread
2021-02-14 12:20:01,247 [INFO] MainUpdater:2644 - connection check result : 10
2021-02-14 12:20:01,874 [INFO] CheckServerUpdateThread:102 - End of CheckServer Thread
2021-02-14 12:20:05,615 [ERROR] LogOutputStream:74 - [STDERR_REDIRECT] [Fatal Error] :1:1: Content is not allowed in prolog.
2021-02-14 12:20:05,619 [ERROR] LogOutputStream:74 - [STDERR_REDIRECT] 
2021-02-14 12:20:05,681 [INFO] ServerAccessManage:348 - Download File updaters.zip
2021-02-14 12:20:05,988 [INFO] FileExtend:225 - Unzip File : updaters.zip
2021-02-14 12:20:05,989 [INFO] FileExtend:240 - Standard Zip Deflate
2021-02-14 12:20:06,394 [INFO] ServerAccessManage:348 - Download File PacksControlFlags.xml
2021-02-14 12:20:06,446 [INFO] ServerAccessManage:348 - Download File cubemx.pidx
2021-02-14 12:20:06,741 [INFO] LoadServerUpdatesThread:329 - End of LoadServerUpdate Thread
2021-02-14 12:20:06,780 [INFO] CheckServerUpdateThread:102 - End of CheckServer Thread
2021-02-14 12:20:10,733 [INFO] MainUpdater:2644 - connection check result : 10
2021-02-14 12:20:16,002 [INFO] FinderAction:94 - Refresh Data: download all database files
2021-02-14 12:20:16,048 [ERROR] LogOutputStream:74 - [STDERR_REDIRECT] [Fatal Error] :1:1: Content is not allowed in prolog.
2021-02-14 12:20:16,049 [ERROR] LogOutputStream:74 - [STDERR_REDIRECT] 
2021-02-14 12:20:16,357 [INFO] ServerAccessManage:348 - Download File mcusDocs.json._tmp_
2021-02-14 12:20:16,481 [INFO] LoadUrlFilesThread:135 - End of LoadUrlFiles Thread
2021-02-14 12:20:16,506 [ERROR] LogOutputStream:74 - [STDERR_REDIRECT] [Fatal Error] :1:1: Content is not allowed in prolog.
2021-02-14 12:20:16,507 [ERROR] LogOutputStream:74 - [STDERR_REDIRECT] 
2021-02-14 12:20:16,768 [INFO] ServerAccessManage:348 - Download File mcusFeaturesAndDescription.json._tmp_
2021-02-14 12:20:17,782 [INFO] LoadUrlFilesThread:135 - End of LoadUrlFiles Thread
2021-02-14 12:20:17,842 [ERROR] LogOutputStream:74 - [STDERR_REDIRECT] [Fatal Error] :1:1: Content is not allowed in prolog.
2021-02-14 12:20:17,843 [ERROR] LogOutputStream:74 - [STDERR_REDIRECT] 
2021-02-14 12:20:18,157 [INFO] ServerAccessManage:348 - Download File boardsDocs.json._tmp_
2021-02-14 12:20:18,277 [INFO] LoadUrlFilesThread:135 - End of LoadUrlFiles Thread
2021-02-14 12:20:18,325 [ERROR] LogOutputStream:74 - [STDERR_REDIRECT] [Fatal Error] :1:1: Content is not allowed in prolog.
2021-02-14 12:20:18,326 [ERROR] LogOutputStream:74 - [STDERR_REDIRECT] 
2021-02-14 12:20:18,481 [INFO] ServerAccessManage:348 - Download File boards.json._tmp_
2021-02-14 12:20:18,614 [INFO] LoadUrlFilesThread:135 - End of LoadUrlFiles Thread
2021-02-14 12:20:18,652 [ERROR] LogOutputStream:74 - [STDERR_REDIRECT] [Fatal Error] :1:1: Content is not allowed in prolog.
2021-02-14 12:20:18,655 [ERROR] LogOutputStream:74 - [STDERR_REDIRECT] 
2021-02-14 12:20:18,711 [INFO] ServerAccessManage:348 - Download File cube-finder-db.zip
2021-02-14 12:20:21,853 [INFO] FileExtend:225 - Unzip File : cube-finder-db.zip
2021-02-14 12:20:21,856 [INFO] FileExtend:240 - Standard Zip Deflate
2021-02-14 12:20:22,380 [INFO] LoadUrlFilesThread:135 - End of LoadUrlFiles Thread
2021-02-14 12:20:22,403 [ERROR] LogOutputStream:74 - [STDERR_REDIRECT] [Fatal Error] :1:1: Content is not allowed in prolog.
2021-02-14 12:20:22,403 [ERROR] LogOutputStream:74 - [STDERR_REDIRECT] 
2021-02-14 12:20:22,727 [INFO] ServerAccessManage:348 - Download File crdb.zip
2021-02-14 12:20:23,522 [INFO] FileExtend:225 - Unzip File : crdb.zip
2021-02-14 12:20:23,524 [INFO] FileExtend:240 - Standard Zip Deflate
2021-02-14 12:20:23,565 [INFO] LoadUrlFilesThread:135 - End of LoadUrlFiles Thread
2021-02-14 12:20:23,594 [ERROR] LogOutputStream:74 - [STDERR_REDIRECT] [Fatal Error] :1:1: Content is not allowed in prolog.
2021-02-14 12:20:23,605 [ERROR] LogOutputStream:74 - [STDERR_REDIRECT] 
2021-02-14 12:20:23,632 [INFO] ServerAccessManage:348 - Download File tutoVideoDB.zip
2021-02-14 12:20:23,821 [INFO] FileExtend:225 - Unzip File : tutoVideoDB.zip
2021-02-14 12:20:23,822 [INFO] FileExtend:240 - Standard Zip Deflate
2021-02-14 12:20:23,834 [INFO] LoadUrlFilesThread:135 - End of LoadUrlFiles Thread
2021-02-14 12:20:23,884 [INFO] DbMcusDocs:145 - JSON generation date=Mon Feb 08 08:35:07 EST 2021 (1612791307)
2021-02-14 12:20:23,885 [INFO] DbMcusXml:97 - Load MCU database from /Applications/STM32CubeIDE.app/Contents/Eclipse/plugins/com.st.stm32cube.common.mx_6.1.0.202011121557//db//mcu/families.xml
2021-02-14 12:20:25,097 [INFO] DbMcusJson:92 - JSON generation date=Mon Feb 08 08:35:07 EST 2021 (1612791307)
2021-02-14 12:20:27,027 [INFO] DbMcus:176 - Found 1835 MCUs (1796 are supported by CubeMX, 1804 are visible in CubeMX)
2021-02-14 12:20:27,028 [INFO] ApiDb:229 - User favorites file not found: /Users/Dian/.stm32cubemx/favorites.mcus.txt
2021-02-14 12:20:27,028 [INFO] DbMcus:188 - Set 0 / 0 favorites MCUs
2021-02-14 12:20:27,521 [INFO] DbMcusDocs:81 - Found 617 MCUs documents
2021-02-14 12:20:27,523 [INFO] ApiDb:263 - Save user favorites file /Users/Dian/.stm32cubemx/favorites.mcus.txt: 0 item(s)
2021-02-14 12:20:27,524 [INFO] ApiDb:267 - User favorites MCUs=[]
2021-02-14 12:20:27,524 [INFO] DbMcusXml:97 - Load MCU database from /Applications/STM32CubeIDE.app/Contents/Eclipse/plugins/com.st.stm32cube.common.mx_6.1.0.202011121557//db//mcu/families.xml
2021-02-14 12:20:28,412 [INFO] DbMcusJson:92 - JSON generation date=Mon Feb 08 08:35:07 EST 2021 (1612791307)
2021-02-14 12:20:29,474 [INFO] DbMcus:176 - Found 1835 MCUs (1796 are supported by CubeMX, 1804 are visible in CubeMX)
2021-02-14 12:20:29,475 [INFO] ApiDb:238 - Load user favorites file /Users/Dian/.stm32cubemx/favorites.mcus.txt: 0 item(s)
2021-02-14 12:20:29,475 [INFO] ApiDb:242 - User favorites MCUs=[]
2021-02-14 12:20:29,475 [INFO] DbMcus:188 - Set 0 / 0 favorites MCUs
2021-02-14 12:20:29,505 [INFO] DbBoardsDocs:145 - JSON generation date=Mon Feb 08 08:35:07 EST 2021 (1612791307)
2021-02-14 12:20:29,530 [INFO] DbBoardsPdsc:91 - Found 9 items
2021-02-14 12:20:29,533 [INFO] DbBoardsPdsc:91 - Found 4 items
2021-02-14 12:20:29,539 [INFO] DbBoardsPdsc:91 - Found 2 items
2021-02-14 12:20:29,561 [INFO] DbBoardsPdsc:91 - Found 45 items
2021-02-14 12:20:29,573 [INFO] DbBoardsPdsc:91 - Found 24 items
2021-02-14 12:20:29,576 [INFO] DbBoardsPdsc:91 - Found 1 items
2021-02-14 12:20:29,590 [INFO] DbBoardsPdsc:91 - Found 41 items
2021-02-14 12:20:29,600 [INFO] DbBoardsPdsc:91 - Found 32 items
2021-02-14 12:20:29,608 [WARN] DbBoardsPdsc:255 - Board STM32H7B3I-DK: unknown feature type=Audio, name=, username=Audio stereo codec with Headphone Amp (CS42L51-CNZ), n=1
2021-02-14 12:20:29,609 [WARN] DbBoardsPdsc:255 - Board STM32H735G-DK: unknown feature type=Audio, name=, username=Audio stereo codec with Headphone Amp (WM8994ECS/R), n=1
2021-02-14 12:20:29,613 [WARN] DbBoardsPdsc:255 - Board STM32H7B3I-EVAL: unknown feature type=Audio, name=, username=Multi-Channel Audio Codec (CS42L51-CNZ), n=1
2021-02-14 12:20:29,614 [WARN] DbBoardsPdsc:255 - Board STM32H7B3I-EVAL: unknown feature type=Meter, name=, username=Power-metering and Temperature-monitoring with sigma-delta modulators, n=1
2021-02-14 12:20:29,614 [WARN] DbBoardsPdsc:255 - Board STM32H7B3I-EVAL: unknown feature type=Motor, name=, username=Motor Control, n=1
2021-02-14 12:20:29,638 [INFO] DbBoardsJson:85 - JSON generation date=Thu Feb 04 11:53:45 EST 2021 (1612457625)
2021-02-14 12:20:29,654 [INFO] DbBoards:118 - Found 160 boards (155 are supported by CubeMX)
2021-02-14 12:20:29,666 [INFO] DbBoardsDocs:145 - JSON generation date=Mon Feb 08 08:35:07 EST 2021 (1612791307)
2021-02-14 12:20:29,710 [INFO] DbBoardsDocs:81 - Found 193 boards documents
2021-02-14 12:20:29,714 [WARN] DbBoards:128 - board B-L462E-CELL1 has no document id list !
2021-02-14 12:20:29,714 [WARN] DbBoards:128 - board B-L475E-IOT01A2 has no document id list !
2021-02-14 12:20:29,716 [WARN] DbBoards:128 - board NUCLEO-G0B1RE has no document id list !
2021-02-14 12:20:29,717 [WARN] DbBoards:128 - board NUCLEO-H743ZI2 has no document id list !
2021-02-14 12:20:29,719 [WARN] DbBoards:128 - board NUCLEO-L4A6ZG has no document id list !
2021-02-14 12:20:29,719 [WARN] DbBoards:128 - board NUCLEO-WB55RG has no document id list !
2021-02-14 12:20:29,719 [WARN] DbBoards:128 - board NUCLEO-WL55JC1 has no document id list !
2021-02-14 12:20:29,720 [WARN] DbBoards:128 - board NUCLEO-WL55JC2 has no document id list !
2021-02-14 12:20:29,720 [WARN] DbBoards:128 - board P-NUCLEO-WB55-Nucleo has no document id list !
2021-02-14 12:20:29,720 [WARN] DbBoards:128 - board P-NUCLEO-WB55-USBDongle has no document id list !
2021-02-14 12:20:29,720 [WARN] DbBoards:128 - board STEVAL-BFA001V1B has no document id list !
2021-02-14 12:20:29,720 [WARN] DbBoards:128 - board STEVAL-BFA001V2B has no document id list !
2021-02-14 12:20:29,721 [WARN] DbBoards:128 - board STEVAL-IDP005V1 has no document id list !
2021-02-14 12:20:29,721 [WARN] DbBoards:128 - board STEVAL-IDP005V2 has no document id list !
2021-02-14 12:20:29,721 [WARN] DbBoards:128 - board STEVAL-MKSBOX1V1 has no document id list !
2021-02-14 12:20:29,721 [WARN] DbBoards:128 - board STEVAL-STWINKT1 has no document id list !
2021-02-14 12:20:29,721 [WARN] DbBoards:128 - board STEVAL-STWINKT1B has no document id list !
2021-02-14 12:20:29,722 [WARN] DbBoards:128 - board STM32F401C-DISCO has no document id list !
2021-02-14 12:20:29,725 [WARN] DbBoards:128 - board STM32F769I-DISC1 has no document id list !
2021-02-14 12:20:29,725 [WARN] DbBoards:128 - board STM32G0C1E-EV has no document id list !
2021-02-14 12:20:29,726 [WARN] DbBoards:128 - board STM32G474E-EVAL1 has no document id list !
2021-02-14 12:20:29,727 [WARN] DbBoards:128 - board STM32H743I-EVAL2 has no document id list !
2021-02-14 12:20:29,727 [WARN] DbBoards:128 - board STM32H747I-DISC1 has no document id list !
2021-02-14 12:20:29,728 [WARN] DbBoards:128 - board STM32H753I-EVAL2 has no document id list !
2021-02-14 12:20:29,728 [WARN] DbBoards:128 - board STM32L-DISCOVERY has no document id list !
2021-02-14 12:20:29,730 [WARN] DbBoards:128 - board STM32MP157A-DK1 has no document id list !
2021-02-14 12:20:29,730 [WARN] DbBoards:128 - board STM32MP157F-DK2 has no document id list !
2021-02-14 12:20:29,731 [WARN] DbBoards:128 - board STM32MP157F-EV1 has no document id list !
2021-02-14 12:20:30,390 [ERROR] DbBoards:190 - Image file not found for board NUCLEO-WL55JC: /Applications/STM32CubeIDE.app/Contents/Eclipse/plugins/com.st.stm32cube.common.mx_6.1.0.202011121557//db//plugins/mcufinder/images/boards/nucleo-wl55jc-small.jpg
2021-02-14 12:20:30,825 [ERROR] DbBoards:190 - Image file not found for board STEVAL-STWINKT1B: /Applications/STM32CubeIDE.app/Contents/Eclipse/plugins/com.st.stm32cube.common.mx_6.1.0.202011121557//db//plugins/mcufinder/images/boards/steval-stwinkt1b_small.jpg
2021-02-14 12:20:32,013 [ERROR] DbBoards:190 - Image file not found for board STM32H7B3I-EVAL: /Applications/STM32CubeIDE.app/Contents/Eclipse/plugins/com.st.stm32cube.common.mx_6.1.0.202011121557//db//plugins/mcufinder/images/boards/stm32h7b3ieval_small.jpg
2021-02-14 12:20:32,501 [INFO] ApiDb:229 - User favorites file not found: /Users/Dian/.stm32cubemx/favorites.boards.txt
2021-02-14 12:20:32,502 [INFO] DbBoards:207 - Set 0 / 0 favorites Boards
2021-02-14 12:20:32,512 [INFO] DbBoardsDocs:81 - Found 386 boards documents
2021-02-14 12:20:32,513 [INFO] ApiDb:263 - Save user favorites file /Users/Dian/.stm32cubemx/favorites.boards.txt: 0 item(s)
2021-02-14 12:20:32,513 [INFO] ApiDb:267 - User favorites Boards=[]
2021-02-14 12:20:32,516 [INFO] DbBoardsPdsc:91 - Found 9 items
2021-02-14 12:20:32,519 [INFO] DbBoardsPdsc:91 - Found 4 items
2021-02-14 12:20:32,521 [INFO] DbBoardsPdsc:91 - Found 2 items
2021-02-14 12:20:32,526 [INFO] DbBoardsPdsc:91 - Found 45 items
2021-02-14 12:20:32,529 [INFO] DbBoardsPdsc:91 - Found 24 items
2021-02-14 12:20:32,530 [INFO] DbBoardsPdsc:91 - Found 1 items
2021-02-14 12:20:32,537 [INFO] DbBoardsPdsc:91 - Found 41 items
2021-02-14 12:20:32,540 [INFO] DbBoardsPdsc:91 - Found 32 items
2021-02-14 12:20:32,542 [WARN] DbBoardsPdsc:255 - Board STM32H7B3I-DK: unknown feature type=Audio, name=, username=Audio stereo codec with Headphone Amp (CS42L51-CNZ), n=1
2021-02-14 12:20:32,543 [WARN] DbBoardsPdsc:255 - Board STM32H735G-DK: unknown feature type=Audio, name=, username=Audio stereo codec with Headphone Amp (WM8994ECS/R), n=1
2021-02-14 12:20:32,546 [WARN] DbBoardsPdsc:255 - Board STM32H7B3I-EVAL: unknown feature type=Audio, name=, username=Multi-Channel Audio Codec (CS42L51-CNZ), n=1
2021-02-14 12:20:32,547 [WARN] DbBoardsPdsc:255 - Board STM32H7B3I-EVAL: unknown feature type=Meter, name=, username=Power-metering and Temperature-monitoring with sigma-delta modulators, n=1
2021-02-14 12:20:32,547 [WARN] DbBoardsPdsc:255 - Board STM32H7B3I-EVAL: unknown feature type=Motor, name=, username=Motor Control, n=1
2021-02-14 12:20:32,563 [INFO] DbBoardsJson:85 - JSON generation date=Thu Feb 04 11:53:45 EST 2021 (1612457625)
2021-02-14 12:20:32,571 [INFO] DbBoards:118 - Found 160 boards (155 are supported by CubeMX)
2021-02-14 12:20:32,572 [WARN] DbBoards:128 - board B-L462E-CELL1 has no document id list !
2021-02-14 12:20:32,572 [WARN] DbBoards:128 - board B-L475E-IOT01A2 has no document id list !
2021-02-14 12:20:32,574 [WARN] DbBoards:128 - board NUCLEO-G0B1RE has no document id list !
2021-02-14 12:20:32,575 [WARN] DbBoards:128 - board NUCLEO-H743ZI2 has no document id list !
2021-02-14 12:20:32,576 [WARN] DbBoards:128 - board NUCLEO-L4A6ZG has no document id list !
2021-02-14 12:20:32,577 [WARN] DbBoards:128 - board NUCLEO-WB55RG has no document id list !
2021-02-14 12:20:32,577 [WARN] DbBoards:128 - board NUCLEO-WL55JC1 has no document id list !
2021-02-14 12:20:32,577 [WARN] DbBoards:128 - board NUCLEO-WL55JC2 has no document id list !
2021-02-14 12:20:32,578 [WARN] DbBoards:128 - board P-NUCLEO-WB55-Nucleo has no document id list !
2021-02-14 12:20:32,578 [WARN] DbBoards:128 - board P-NUCLEO-WB55-USBDongle has no document id list !
2021-02-14 12:20:32,578 [WARN] DbBoards:128 - board STEVAL-BFA001V1B has no document id list !
2021-02-14 12:20:32,578 [WARN] DbBoards:128 - board STEVAL-BFA001V2B has no document id list !
2021-02-14 12:20:32,578 [WARN] DbBoards:128 - board STEVAL-IDP005V1 has no document id list !
2021-02-14 12:20:32,579 [WARN] DbBoards:128 - board STEVAL-IDP005V2 has no document id list !
2021-02-14 12:20:32,579 [WARN] DbBoards:128 - board STEVAL-MKSBOX1V1 has no document id list !
2021-02-14 12:20:32,579 [WARN] DbBoards:128 - board STEVAL-STWINKT1 has no document id list !
2021-02-14 12:20:32,579 [WARN] DbBoards:128 - board STEVAL-STWINKT1B has no document id list !
2021-02-14 12:20:32,581 [WARN] DbBoards:128 - board STM32F401C-DISCO has no document id list !
2021-02-14 12:20:32,582 [WARN] DbBoards:128 - board STM32F769I-DISC1 has no document id list !
2021-02-14 12:20:32,582 [WARN] DbBoards:128 - board STM32G0C1E-EV has no document id list !
2021-02-14 12:20:32,583 [WARN] DbBoards:128 - board STM32G474E-EVAL1 has no document id list !
2021-02-14 12:20:32,583 [WARN] DbBoards:128 - board STM32H743I-EVAL2 has no document id list !
2021-02-14 12:20:32,583 [WARN] DbBoards:128 - board STM32H747I-DISC1 has no document id list !
2021-02-14 12:20:32,584 [WARN] DbBoards:128 - board STM32H753I-EVAL2 has no document id list !
2021-02-14 12:20:32,584 [WARN] DbBoards:128 - board STM32L-DISCOVERY has no document id list !
2021-02-14 12:20:32,586 [WARN] DbBoards:128 - board STM32MP157A-DK1 has no document id list !
2021-02-14 12:20:32,586 [WARN] DbBoards:128 - board STM32MP157F-DK2 has no document id list !
2021-02-14 12:20:32,586 [WARN] DbBoards:128 - board STM32MP157F-EV1 has no document id list !
2021-02-14 12:20:32,941 [ERROR] DbBoards:190 - Image file not found for board NUCLEO-WL55JC: /Applications/STM32CubeIDE.app/Contents/Eclipse/plugins/com.st.stm32cube.common.mx_6.1.0.202011121557//db//plugins/mcufinder/images/boards/nucleo-wl55jc-small.jpg
2021-02-14 12:20:33,072 [ERROR] DbBoards:190 - Image file not found for board STEVAL-STWINKT1B: /Applications/STM32CubeIDE.app/Contents/Eclipse/plugins/com.st.stm32cube.common.mx_6.1.0.202011121557//db//plugins/mcufinder/images/boards/steval-stwinkt1b_small.jpg
2021-02-14 12:20:33,373 [ERROR] DbBoards:190 - Image file not found for board STM32H7B3I-EVAL: /Applications/STM32CubeIDE.app/Contents/Eclipse/plugins/com.st.stm32cube.common.mx_6.1.0.202011121557//db//plugins/mcufinder/images/boards/stm32h7b3ieval_small.jpg
2021-02-14 12:20:33,520 [INFO] ApiDb:238 - Load user favorites file /Users/Dian/.stm32cubemx/favorites.boards.txt: 0 item(s)
2021-02-14 12:20:33,520 [INFO] ApiDb:242 - User favorites Boards=[]
2021-02-14 12:20:33,520 [INFO] DbBoards:207 - Set 0 / 0 favorites Boards
2021-02-14 12:20:33,543 [INFO] FinderAction:103 - Refresh all data is succesful
2021-02-14 12:26:39,714 [INFO] Activator:170 - 


2021-02-14 12:26:39,720 [INFO] Activator:171 - !SESSION log4j initialized
2021-02-14 12:26:41,015 [ERROR] LogOutputStream:74 - [STDERR_REDIRECT] 
2021-02-14 12:35:04,209 [INFO] Activator:170 - 


2021-02-14 12:35:04,215 [INFO] Activator:171 - !SESSION log4j initialized
2021-02-14 12:35:11,994 [ERROR] LogOutputStream:74 - [STDERR_REDIRECT] 
2021-02-14 12:35:30,220 [INFO] McuFinderGlobals:40 - Set McuFinder mode to 2 (CubeIDE integrated)
2021-02-14 12:35:32,597 [INFO] ApplicationProperties:181 - Using Application install path: /Applications/STM32CubeIDE.app/Contents/Eclipse/plugins/com.st.stm32cube.common.mx_6.1.1.202012091304
2021-02-14 12:35:32,620 [INFO] DbMcusXml:71 - Set database path to: /Applications/STM32CubeIDE.app/Contents/Eclipse/plugins/com.st.stm32cube.common.mx_6.1.1.202012091304//db//mcu/
2021-02-14 12:35:32,628 [INFO] DbBoardsPdsc:57 - Set plugin database path to: /Applications/STM32CubeIDE.app/Contents/Eclipse/plugins/com.st.stm32cube.common.mx_6.1.1.202012091304//db//plugins/boardmanager/
2021-02-14 12:35:32,629 [INFO] DbMcus:259 - Set plugin images path to: /Applications/STM32CubeIDE.app/Contents/Eclipse/plugins/com.st.stm32cube.common.mx_6.1.1.202012091304//db//plugins/mcufinder/images/
2021-02-14 12:35:32,630 [INFO] DbBoards:265 - Set plugin images path to: /Applications/STM32CubeIDE.app/Contents/Eclipse/plugins/com.st.stm32cube.common.mx_6.1.1.202012091304//db//plugins/mcufinder/images/
2021-02-14 12:35:32,636 [INFO] DbExamples:329 - Set plugin images path to: /Applications/STM32CubeIDE.app/Contents/Eclipse/plugins/com.st.stm32cube.common.mx_6.1.1.202012091304//db//plugins/mcufinder/images/
2021-02-14 12:35:32,692 [INFO] DbMcusDocs:112 - Set database path to: /Users/Dian/.stmcufinder/plugins/mcufinder//mcu/
2021-02-14 12:35:32,697 [INFO] DbMcusJson:63 - Set database path to: /Users/Dian/.stmcufinder/plugins/mcufinder//mcu/
2021-02-14 12:35:32,699 [INFO] DbBoardsDocs:112 - Set database path to: /Users/Dian/.stmcufinder/plugins/mcufinder//mcu/
2021-02-14 12:35:32,704 [INFO] DbBoardsJson:56 - Set database path to: /Users/Dian/.stmcufinder/plugins/mcufinder//mcu/
2021-02-14 12:35:32,713 [INFO] CrossReferenceDbSqlite:196 - Set database path to: /Users/Dian/.stmcufinder/plugins/mcufinder//mcu/cs/
2021-02-14 12:35:32,721 [INFO] DbExamplesSqlite:699 - Set database path to: /Users/Dian/.stmcufinder/plugins/mcufinder//mcu/
2021-02-14 12:35:32,944 [INFO] RulesReader:52 - Compatibility file has been processed (228 Rules)
2021-02-14 12:35:33,105 [INFO] MicroXplorer:565 - Detected Java Version = 1.8.0_272
2021-02-14 12:35:33,106 [INFO] DbMcusXml:71 - Set database path to: /Applications/STM32CubeIDE.app/Contents/Eclipse/plugins/com.st.stm32cube.common.mx_6.1.1.202012091304//db//mcu/
2021-02-14 12:35:33,108 [INFO] DbBoardsPdsc:57 - Set plugin database path to: /Applications/STM32CubeIDE.app/Contents/Eclipse/plugins/com.st.stm32cube.common.mx_6.1.1.202012091304//db//plugins/boardmanager/
2021-02-14 12:35:33,109 [INFO] DbMcus:259 - Set plugin images path to: /Applications/STM32CubeIDE.app/Contents/Eclipse/plugins/com.st.stm32cube.common.mx_6.1.1.202012091304//db//plugins/mcufinder/images/
2021-02-14 12:35:33,110 [INFO] DbBoards:265 - Set plugin images path to: /Applications/STM32CubeIDE.app/Contents/Eclipse/plugins/com.st.stm32cube.common.mx_6.1.1.202012091304//db//plugins/mcufinder/images/
2021-02-14 12:35:33,110 [INFO] DbExamples:329 - Set plugin images path to: /Applications/STM32CubeIDE.app/Contents/Eclipse/plugins/com.st.stm32cube.common.mx_6.1.1.202012091304//db//plugins/mcufinder/images/
2021-02-14 12:35:33,111 [WARN] DbFile:36 - Overriding database path with different value: /Users/Dian/.stmcufinder/plugins/mcufinder/ => /Users/Dian/.stmcufinder/plugins/mcufinder
2021-02-14 12:35:33,112 [INFO] DbMcusDocs:112 - Set database path to: /Users/Dian/.stmcufinder/plugins/mcufinder//mcu/
2021-02-14 12:35:33,112 [WARN] DbFile:36 - Overriding database path with different value: /Users/Dian/.stmcufinder/plugins/mcufinder/ => /Users/Dian/.stmcufinder/plugins/mcufinder
2021-02-14 12:35:33,113 [INFO] DbMcusJson:63 - Set database path to: /Users/Dian/.stmcufinder/plugins/mcufinder//mcu/
2021-02-14 12:35:33,114 [WARN] DbFile:36 - Overriding database path with different value: /Users/Dian/.stmcufinder/plugins/mcufinder/ => /Users/Dian/.stmcufinder/plugins/mcufinder
2021-02-14 12:35:33,114 [INFO] DbBoardsDocs:112 - Set database path to: /Users/Dian/.stmcufinder/plugins/mcufinder//mcu/
2021-02-14 12:35:33,115 [WARN] DbFile:36 - Overriding database path with different value: /Users/Dian/.stmcufinder/plugins/mcufinder/ => /Users/Dian/.stmcufinder/plugins/mcufinder
2021-02-14 12:35:33,115 [INFO] DbBoardsJson:56 - Set database path to: /Users/Dian/.stmcufinder/plugins/mcufinder//mcu/
2021-02-14 12:35:33,115 [WARN] DbFile:36 - Overriding database path with different value: /Users/Dian/.stmcufinder/plugins/mcufinder/ => /Users/Dian/.stmcufinder/plugins/mcufinder
2021-02-14 12:35:33,116 [WARN] DbFile:36 - Overriding database path with different value: /Users/Dian/.stmcufinder/plugins/mcufinder/ => /Users/Dian/.stmcufinder/plugins/mcufinder
2021-02-14 12:35:33,116 [INFO] CrossReferenceDbSqlite:196 - Set database path to: /Users/Dian/.stmcufinder/plugins/mcufinder//mcu/cs/
2021-02-14 12:35:33,116 [WARN] DbFile:36 - Overriding database path with different value: /Users/Dian/.stmcufinder/plugins/mcufinder/ => /Users/Dian/.stmcufinder/plugins/mcufinder
2021-02-14 12:35:33,117 [INFO] DbExamplesSqlite:699 - Set database path to: /Users/Dian/.stmcufinder/plugins/mcufinder//mcu/
2021-02-14 12:35:33,212 [INFO] MainPanel:190 - HeapMemory: 276824064
2021-02-14 12:35:33,326 [INFO] DbMcusXml:71 - Set database path to: /Applications/STM32CubeIDE.app/Contents/Eclipse/plugins/com.st.stm32cube.common.mx_6.1.1.202012091304//db//mcu/
2021-02-14 12:35:33,326 [INFO] DbBoardsPdsc:57 - Set plugin database path to: /Applications/STM32CubeIDE.app/Contents/Eclipse/plugins/com.st.stm32cube.common.mx_6.1.1.202012091304//db//plugins/boardmanager/
2021-02-14 12:35:33,327 [INFO] DbMcus:259 - Set plugin images path to: /Applications/STM32CubeIDE.app/Contents/Eclipse/plugins/com.st.stm32cube.common.mx_6.1.1.202012091304//db//plugins/mcufinder/images/
2021-02-14 12:35:33,328 [INFO] DbBoards:265 - Set plugin images path to: /Applications/STM32CubeIDE.app/Contents/Eclipse/plugins/com.st.stm32cube.common.mx_6.1.1.202012091304//db//plugins/mcufinder/images/
2021-02-14 12:35:33,329 [INFO] DbExamples:329 - Set plugin images path to: /Applications/STM32CubeIDE.app/Contents/Eclipse/plugins/com.st.stm32cube.common.mx_6.1.1.202012091304//db//plugins/mcufinder/images/
2021-02-14 12:35:33,330 [WARN] DbFile:36 - Overriding database path with different value: /Users/Dian/.stmcufinder/plugins/mcufinder/ => /Users/Dian/.stmcufinder/plugins/mcufinder
2021-02-14 12:35:33,331 [INFO] DbMcusDocs:112 - Set database path to: /Users/Dian/.stmcufinder/plugins/mcufinder//mcu/
2021-02-14 12:35:33,331 [WARN] DbFile:36 - Overriding database path with different value: /Users/Dian/.stmcufinder/plugins/mcufinder/ => /Users/Dian/.stmcufinder/plugins/mcufinder
2021-02-14 12:35:33,332 [INFO] DbMcusJson:63 - Set database path to: /Users/Dian/.stmcufinder/plugins/mcufinder//mcu/
2021-02-14 12:35:33,332 [WARN] DbFile:36 - Overriding database path with different value: /Users/Dian/.stmcufinder/plugins/mcufinder/ => /Users/Dian/.stmcufinder/plugins/mcufinder
2021-02-14 12:35:33,333 [INFO] DbBoardsDocs:112 - Set database path to: /Users/Dian/.stmcufinder/plugins/mcufinder//mcu/
2021-02-14 12:35:33,333 [WARN] DbFile:36 - Overriding database path with different value: /Users/Dian/.stmcufinder/plugins/mcufinder/ => /Users/Dian/.stmcufinder/plugins/mcufinder
2021-02-14 12:35:33,334 [INFO] DbBoardsJson:56 - Set database path to: /Users/Dian/.stmcufinder/plugins/mcufinder//mcu/
2021-02-14 12:35:33,334 [WARN] DbFile:36 - Overriding database path with different value: /Users/Dian/.stmcufinder/plugins/mcufinder/ => /Users/Dian/.stmcufinder/plugins/mcufinder
2021-02-14 12:35:33,335 [WARN] DbFile:36 - Overriding database path with different value: /Users/Dian/.stmcufinder/plugins/mcufinder/ => /Users/Dian/.stmcufinder/plugins/mcufinder
2021-02-14 12:35:33,336 [INFO] CrossReferenceDbSqlite:196 - Set database path to: /Users/Dian/.stmcufinder/plugins/mcufinder//mcu/cs/
2021-02-14 12:35:33,337 [WARN] DbFile:36 - Overriding database path with different value: /Users/Dian/.stmcufinder/plugins/mcufinder/ => /Users/Dian/.stmcufinder/plugins/mcufinder
2021-02-14 12:35:33,338 [INFO] DbExamplesSqlite:699 - Set database path to: /Users/Dian/.stmcufinder/plugins/mcufinder//mcu/
2021-02-14 12:35:33,368 [INFO] ApplicationProperties:181 - Using Application install path: /Applications/STM32CubeIDE.app/Contents/Eclipse/plugins/com.st.stm32cube.common.mx_6.1.1.202012091304
2021-02-14 12:35:33,372 [INFO] PluginManage:178 - Search for loadable plugins [exclusion list=, ]
2021-02-14 12:35:33,374 [INFO] PluginManage:292 - Check plugin analytics
2021-02-14 12:35:33,937 [INFO] AnalyticsPlugin:225 - Accepted Software Licenses: STM32CubeMX.6.1.1
2021-02-14 12:35:33,938 [INFO] AnalyticsPlugin:227 - Accepted CMSIS Pack Licenses: 
2021-02-14 12:35:33,939 [INFO] AnalyticsPlugin:229 - Accepted Firmware Licenses: 
2021-02-14 12:35:33,940 [INFO] PluginManage:342 - Loaded plugin analytics (category:tool,tabindex:-1)
2021-02-14 12:35:33,941 [INFO] PluginManage:292 - Check plugin clock
2021-02-14 12:35:33,962 [INFO] PluginManage:342 - Loaded plugin clock (category:base,tabindex:2)
2021-02-14 12:35:33,963 [INFO] PluginManage:292 - Check plugin ddr
2021-02-14 12:35:33,967 [INFO] PluginManage:342 - Loaded plugin ddr (category:tool,tabindex:6)
2021-02-14 12:35:33,967 [INFO] PluginManage:292 - Check plugin filemanager
2021-02-14 12:35:34,152 [INFO] PluginManage:342 - Loaded plugin filemanager (category:base,tabindex:10)
2021-02-14 12:35:34,153 [INFO] PluginManage:292 - Check plugin ipmanager
2021-02-14 12:35:34,167 [INFO] PluginManage:342 - Loaded plugin ipmanager (category:base,tabindex:5)
2021-02-14 12:35:34,168 [INFO] PluginManage:292 - Check plugin pinoutandconfiguration
2021-02-14 12:35:34,185 [INFO] PluginManage:342 - Loaded plugin pinoutandconfiguration (category:base,tabindex:1)
2021-02-14 12:35:34,185 [INFO] PluginManage:292 - Check plugin pinoutconfig
2021-02-14 12:35:34,226 [INFO] PluginManage:342 - Loaded plugin pinoutconfig (category:base,tabindex:0)
2021-02-14 12:35:34,227 [INFO] PluginManage:292 - Check plugin power
2021-02-14 12:35:34,241 [INFO] PluginManage:342 - Loaded plugin power (category:power,tabindex:4)
2021-02-14 12:35:34,242 [INFO] PluginManage:292 - Check plugin projectmanager
2021-02-14 12:35:34,276 [INFO] PluginManage:342 - Loaded plugin projectmanager (category:projectmanager,tabindex:3)
2021-02-14 12:35:34,277 [INFO] PluginManage:292 - Check plugin thirdparty
2021-02-14 12:35:34,468 [INFO] PluginManage:342 - Loaded plugin thirdparty (category:base,tabindex:-1)
2021-02-14 12:35:34,469 [INFO] PluginManage:292 - Check plugin tools
2021-02-14 12:35:34,469 [WARN] IntegrityCheckThread:59 - waiting for thirdparty lock release [integrity check]
2021-02-14 12:35:34,471 [INFO] IntegrityCheckThread:61 - entering critical section [integrity check]
2021-02-14 12:35:34,472 [INFO] ThirdPartyUpdaterWithRetryManager:56 - Updater plugin not ready yet. [1/15]
2021-02-14 12:35:34,475 [INFO] PluginManage:342 - Loaded plugin tools (category:base,tabindex:7)
2021-02-14 12:35:34,475 [INFO] PluginManage:292 - Check plugin tutovideos
2021-02-14 12:35:34,888 [INFO] PluginManage:342 - Loaded plugin tutovideos (category:base,tabindex:-1)
2021-02-14 12:35:34,888 [INFO] PluginManage:292 - Check plugin updater
2021-02-14 12:35:34,915 [INFO] PluginManage:342 - Loaded plugin updater (category:base,tabindex:12)
2021-02-14 12:35:34,916 [INFO] PluginManage:265 - PluginManage : Loaded plugins [13]
2021-02-14 12:35:37,473 [INFO] ThirdPartyUpdaterWithRetryManager:56 - Updater plugin not ready yet. [2/15]
2021-02-14 12:35:37,643 [INFO] PinOutPanel:1434 - setPackage(No Configuration,No Configuration)
2021-02-14 12:35:37,775 [INFO] IPUIPlugin:64 - create IPUIPlugin
2021-02-14 12:35:37,776 [INFO] PluginManager:203 - loadIPPluginJar : add mdma
2021-02-14 12:35:37,784 [INFO] IPUIPlugin:64 - create IPUIPlugin
2021-02-14 12:35:37,785 [INFO] PluginManager:203 - loadIPPluginJar : add freertos
2021-02-14 12:35:37,792 [INFO] IPUIPlugin:64 - create IPUIPlugin
2021-02-14 12:35:37,792 [INFO] PluginManager:203 - loadIPPluginJar : add gic
2021-02-14 12:35:37,804 [INFO] IPUIPlugin:64 - create IPUIPlugin
2021-02-14 12:35:37,804 [INFO] PluginManager:203 - loadIPPluginJar : add adc
2021-02-14 12:35:37,807 [INFO] IPUIPlugin:64 - create IPUIPlugin
2021-02-14 12:35:37,808 [INFO] PluginManager:203 - loadIPPluginJar : add gtzc
2021-02-14 12:35:37,810 [INFO] IPUIPlugin:64 - create IPUIPlugin
2021-02-14 12:35:37,811 [INFO] PluginManager:203 - loadIPPluginJar : add quadspi
2021-02-14 12:35:37,814 [INFO] IPUIPlugin:64 - create IPUIPlugin
2021-02-14 12:35:37,814 [INFO] PluginManager:203 - loadIPPluginJar : add aes
2021-02-14 12:35:37,818 [INFO] IPUIPlugin:64 - create IPUIPlugin
2021-02-14 12:35:37,819 [INFO] PluginManager:203 - loadIPPluginJar : add pdm2pcm
2021-02-14 12:35:37,821 [INFO] IPUIPlugin:64 - create IPUIPlugin
2021-02-14 12:35:37,822 [INFO] PluginManager:203 - loadIPPluginJar : add hash
2021-02-14 12:35:37,825 [INFO] IPUIPlugin:64 - create IPUIPlugin
2021-02-14 12:35:37,825 [INFO] PluginManager:203 - loadIPPluginJar : add tim
2021-02-14 12:35:37,827 [INFO] IPUIPlugin:64 - create IPUIPlugin
2021-02-14 12:35:37,828 [INFO] PluginManager:203 - loadIPPluginJar : add tsc
2021-02-14 12:35:37,831 [INFO] IPUIPlugin:64 - create IPUIPlugin
2021-02-14 12:35:37,832 [INFO] PluginManager:203 - loadIPPluginJar : add ts
2021-02-14 12:35:37,835 [INFO] IPUIPlugin:64 - create IPUIPlugin
2021-02-14 12:35:37,836 [INFO] PluginManager:203 - loadIPPluginJar : add can
2021-02-14 12:35:37,839 [INFO] IPUIPlugin:64 - create IPUIPlugin
2021-02-14 12:35:37,839 [INFO] PluginManager:203 - loadIPPluginJar : add dfsdm
2021-02-14 12:35:37,842 [INFO] IPUIPlugin:64 - create IPUIPlugin
2021-02-14 12:35:37,843 [INFO] PluginManager:203 - loadIPPluginJar : add spi
2021-02-14 12:35:37,845 [INFO] IPUIPlugin:64 - create IPUIPlugin
2021-02-14 12:35:37,846 [INFO] PluginManager:203 - loadIPPluginJar : add gfxmmu
2021-02-14 12:35:37,848 [INFO] IPUIPlugin:64 - create IPUIPlugin
2021-02-14 12:35:37,848 [INFO] PluginManager:203 - loadIPPluginJar : add genericplugin
2021-02-14 12:35:37,852 [INFO] IPUIPlugin:64 - create IPUIPlugin
2021-02-14 12:35:37,852 [INFO] PluginManager:203 - loadIPPluginJar : add cryp
2021-02-14 12:35:37,857 [INFO] IPUIPlugin:64 - create IPUIPlugin
2021-02-14 12:35:37,858 [INFO] PluginManager:203 - loadIPPluginJar : add gpio
2021-02-14 12:35:37,861 [INFO] IPUIPlugin:64 - create IPUIPlugin
2021-02-14 12:35:37,862 [INFO] PluginManager:203 - loadIPPluginJar : add comp
2021-02-14 12:35:37,865 [INFO] IPUIPlugin:64 - create IPUIPlugin
2021-02-14 12:35:37,865 [INFO] PluginManager:203 - loadIPPluginJar : add tracer_emb
2021-02-14 12:35:37,869 [INFO] IPUIPlugin:64 - create IPUIPlugin
2021-02-14 12:35:37,870 [INFO] PluginManager:203 - loadIPPluginJar : add openamp
2021-02-14 12:35:37,875 [INFO] IPUIPlugin:64 - create IPUIPlugin
2021-02-14 12:35:37,876 [INFO] PluginManager:203 - loadIPPluginJar : add stm32_wpan
2021-02-14 12:35:37,887 [INFO] IPUIPlugin:64 - create IPUIPlugin
2021-02-14 12:35:37,895 [INFO] PluginManager:203 - loadIPPluginJar : add plateformsettings
2021-02-14 12:35:37,901 [INFO] IPUIPlugin:64 - create IPUIPlugin
2021-02-14 12:35:37,901 [INFO] PluginManager:203 - loadIPPluginJar : add ipddr
2021-02-14 12:35:37,906 [INFO] IPUIPlugin:64 - create IPUIPlugin
2021-02-14 12:35:37,907 [INFO] PluginManager:203 - loadIPPluginJar : add usart
2021-02-14 12:35:37,910 [INFO] IPUIPlugin:64 - create IPUIPlugin
2021-02-14 12:35:37,910 [INFO] PluginManager:203 - loadIPPluginJar : add ltdc
2021-02-14 12:35:37,917 [INFO] IPUIPlugin:64 - create IPUIPlugin
2021-02-14 12:35:37,918 [INFO] PluginManager:203 - loadIPPluginJar : add nvic
2021-02-14 12:35:37,920 [INFO] IPUIPlugin:64 - create IPUIPlugin
2021-02-14 12:35:37,921 [INFO] PluginManager:203 - loadIPPluginJar : add fatfs
2021-02-14 12:35:37,931 [INFO] IPUIPlugin:64 - create IPUIPlugin
2021-02-14 12:35:37,932 [INFO] PluginManager:203 - loadIPPluginJar : add dma
2021-02-14 12:35:37,939 [INFO] IPUIPlugin:64 - create IPUIPlugin
2021-02-14 12:35:37,940 [INFO] PluginManager:203 - loadIPPluginJar : add fmc
2021-02-14 12:35:37,966 [INFO] IPUIPlugin:64 - create IPUIPlugin
2021-02-14 12:35:37,967 [INFO] PluginManager:203 - loadIPPluginJar : add i2s
2021-02-14 12:35:37,975 [INFO] IPUIPlugin:64 - create IPUIPlugin
2021-02-14 12:35:37,976 [INFO] PluginManager:203 - loadIPPluginJar : add ucpd
2021-02-14 12:35:37,983 [INFO] IPUIPlugin:64 - create IPUIPlugin
2021-02-14 12:35:37,984 [INFO] PluginManager:203 - loadIPPluginJar : add lorawan
2021-02-14 12:35:37,991 [INFO] IPUIPlugin:64 - create IPUIPlugin
2021-02-14 12:35:37,991 [INFO] PluginManager:203 - loadIPPluginJar : add opamp
2021-02-14 12:35:37,998 [INFO] IPUIPlugin:64 - create IPUIPlugin
2021-02-14 12:35:37,999 [INFO] PluginManager:203 - loadIPPluginJar : add touchsensing
2021-02-14 12:35:38,005 [INFO] IPUIPlugin:64 - create IPUIPlugin
2021-02-14 12:35:38,006 [INFO] PluginManager:203 - loadIPPluginJar : add i2c
2021-02-14 12:35:38,012 [INFO] IPUIPlugin:64 - create IPUIPlugin
2021-02-14 12:35:38,013 [INFO] PluginManager:203 - loadIPPluginJar : add resmgrutility
2021-02-14 12:35:38,020 [INFO] IPUIPlugin:64 - create IPUIPlugin
2021-02-14 12:35:38,020 [INFO] PluginManager:203 - loadIPPluginJar : add sai
2021-02-14 12:35:38,434 [FATAL] Updater:284 - Updater called before beeing initialized
2021-02-14 12:35:38,592 [FATAL] Updater:284 - Updater called before beeing initialized
2021-02-14 12:35:38,716 [WARN] DetailPanel:347 - Failed to get advertising image, set to default
2021-02-14 12:35:38,721 [FATAL] Updater:284 - Updater called before beeing initialized
2021-02-14 12:35:38,722 [WARN] DetailPanel:347 - Failed to get advertising image, set to default
2021-02-14 12:35:38,779 [FATAL] Updater:284 - Updater called before beeing initialized
2021-02-14 12:35:38,780 [WARN] ThirdParty:783 - waiting for thirdparty lock release [close project]
2021-02-14 12:35:40,474 [INFO] ThirdPartyUpdaterWithRetryManager:56 - Updater plugin not ready yet. [3/15]
2021-02-14 12:35:43,478 [FATAL] Updater:284 - Updater called before beeing initialized
2021-02-14 12:35:43,479 [ERROR] AbstractThirdPartyUpdaterManager:153 - java.lang.Integer cannot be cast to java.util.List
2021-02-14 12:35:43,479 [INFO] ThirdParty:887 - Integrity check success = false
2021-02-14 12:35:43,479 [INFO] IntegrityCheckThread:75 - exiting critical section [integrity check]
2021-02-14 12:35:43,479 [INFO] IntegrityCheckThread:78 - End integrity checks thread
2021-02-14 12:35:43,479 [INFO] ThirdParty:785 - entering critical section [close project]
2021-02-14 12:35:43,481 [INFO] ThirdParty:796 - exiting critical section [close project]
2021-02-14 12:35:43,488 [INFO] PinOutPanel:1434 - setPackage(No Configuration,No Configuration)
2021-02-14 12:35:43,489 [FATAL] Updater:284 - Updater called before beeing initialized
2021-02-14 12:35:43,498 [ERROR] Updater:1065 - MainUpdater not yet initialized. External WinMGr cannot be set.
2021-02-14 12:35:43,502 [INFO] Updater:1002 - Updater Version found : 6.1.1
2021-02-14 12:35:43,528 [INFO] ApplicationProperties:181 - Using Application install path: /Applications/STM32CubeIDE.app/Contents/Eclipse/plugins/com.st.stm32cube.common.mx_6.1.1.202012091304
2021-02-14 12:35:43,706 [ERROR] LogOutputStream:74 - [STDERR_REDIRECT] [Fatal Error] :1:1: Content is not allowed in prolog.
2021-02-14 12:35:43,708 [ERROR] LogOutputStream:74 - [STDERR_REDIRECT] 
2021-02-14 12:35:43,824 [INFO] MainUpdater:2644 - connection check result : 10
2021-02-14 12:35:43,825 [INFO] MainUpdater:249 - Updater Check For Update Now.
2021-02-14 12:35:43,826 [INFO] MicroXplorer:415 - Change Database Version : DB.6.0.10
2021-02-14 12:35:43,917 [INFO] CheckServerUpdateThread:102 - End of CheckServer Thread
2021-02-14 12:35:43,934 [INFO] MainUpdater:2644 - connection check result : 10
2021-02-14 12:35:43,936 [INFO] MainUpdater:2644 - connection check result : 10
2021-02-14 12:35:44,889 [INFO] MicroXplorer:385 - Change Database Path : 
2021-02-14 12:35:44,890 [INFO] MicroXplorer:415 - Change Database Version : DB.6.0.10
2021-02-14 12:35:44,890 [WARN] ThirdParty:783 - waiting for thirdparty lock release [close project]
2021-02-14 12:35:44,891 [INFO] ThirdParty:785 - entering critical section [close project]
2021-02-14 12:35:44,891 [INFO] ThirdParty:796 - exiting critical section [close project]
2021-02-14 12:35:44,903 [INFO] PinOutPanel:1434 - setPackage(No Configuration,No Configuration)
2021-02-14 12:35:44,905 [INFO] UtilMem:74 - Begin LoadConfig() Used Memory: 266409648 Bytes (339738624)
2021-02-14 12:35:44,907 [INFO] MicroXplorer:385 - Change Database Path : 
2021-02-14 12:35:44,907 [INFO] MicroXplorer:415 - Change Database Version : DB.6.0.10
2021-02-14 12:35:44,908 [INFO] OpenFileManager:274 - Change cursor
2021-02-14 12:35:44,913 [WARN] ThirdParty:204 - Use empty third party IP manager
2021-02-14 12:35:44,942 [WARN] IntegrityCheckThread:59 - waiting for thirdparty lock release [integrity check]
2021-02-14 12:35:44,942 [INFO] IntegrityCheckThread:61 - entering critical section [integrity check]
2021-02-14 12:35:45,016 [WARN] ConditionMgr:437 - getConditionDescription Invalid condition id : SIGFOX STM32 LIB Condition cause : null
2021-02-14 12:35:45,034 [WARN] ConditionMgr:437 - getConditionDescription Invalid condition id : Sigfox Third Party LIB Condition cause : null
2021-02-14 12:35:45,046 [WARN] ConditionMgr:1040 - genDependencies : Invalid condition id : SIGFOX STM32 LIB Condition cause : null
2021-02-14 12:35:45,046 [WARN] ConditionMgr:1040 - genDependencies : Invalid condition id : Sigfox Third Party LIB Condition cause : null
2021-02-14 12:35:45,048 [WARN] ConditionMgr:1040 - genDependencies : Invalid condition id : Sigfox Third Party LIB Condition cause : null
2021-02-14 12:35:45,049 [WARN] ConditionMgr:1040 - genDependencies : Invalid condition id : SIGFOX STM32 LIB Condition cause : null
2021-02-14 12:35:45,049 [WARN] ConditionMgr:1040 - genDependencies : Invalid condition id : SIGFOX STM32 LIB Condition cause : null
2021-02-14 12:35:45,050 [WARN] ConditionMgr:1040 - genDependencies : Invalid condition id : Sigfox Third Party LIB Condition cause : null
2021-02-14 12:35:46,413 [INFO] ThirdParty:887 - Integrity check success = true
2021-02-14 12:35:46,414 [INFO] IntegrityCheckThread:75 - exiting critical section [integrity check]
2021-02-14 12:35:46,414 [INFO] IntegrityCheckThread:78 - End integrity checks thread
2021-02-14 12:35:53,725 [WARN] ApiManager:294 - Cannot register API 'Board Extension:S2868A1' from pack STMicroelectronics.X-CUBE-SUBG2.3.0.1: no header file found
2021-02-14 12:35:53,725 [WARN] ApiManager:294 - Cannot register API 'Board Extension:S2868A2' from pack STMicroelectronics.X-CUBE-SUBG2.3.0.1: no header file found
2021-02-14 12:35:53,726 [WARN] ApiManager:294 - Cannot register API 'Board Extension:S2915A1' from pack STMicroelectronics.X-CUBE-SUBG2.3.0.1: no header file found
2021-02-14 12:35:53,734 [WARN] ModelIntegratedComponent:51 - No mode defined for component null
2021-02-14 12:35:53,734 [WARN] ModelIntegratedComponent:51 - No mode defined for component null
2021-02-14 12:35:53,735 [WARN] ModelIntegratedComponent:51 - No mode defined for component null
2021-02-14 12:35:53,735 [WARN] ModelIntegratedComponent:51 - No mode defined for component null
2021-02-14 12:35:53,736 [WARN] ModelIntegratedComponent:51 - No mode defined for component null
2021-02-14 12:35:53,736 [WARN] ModelIntegratedComponent:51 - No mode defined for component null
2021-02-14 12:35:53,736 [WARN] ModelIntegratedComponent:51 - No mode defined for component null
2021-02-14 12:35:53,737 [WARN] ModelIntegratedComponent:51 - No mode defined for component null
2021-02-14 12:35:53,737 [WARN] ModelIntegratedComponent:51 - No mode defined for component null
2021-02-14 12:35:53,737 [WARN] ModelIntegratedComponent:51 - No mode defined for component null
2021-02-14 12:35:53,738 [WARN] ModelIntegratedComponent:51 - No mode defined for component null
2021-02-14 12:35:53,738 [WARN] ModelIntegratedComponent:51 - No mode defined for component null
2021-02-14 12:35:53,738 [WARN] ModelIntegratedComponent:51 - No mode defined for component null
2021-02-14 12:35:53,738 [WARN] ModelIntegratedComponent:51 - No mode defined for component null
2021-02-14 12:35:53,739 [WARN] ModelIntegratedComponent:51 - No mode defined for component null
2021-02-14 12:35:53,739 [WARN] ModelIntegratedComponent:51 - No mode defined for component null
2021-02-14 12:35:53,739 [WARN] ModelIntegratedComponent:51 - No mode defined for component null
2021-02-14 12:35:53,739 [WARN] ModelIntegratedComponent:51 - No mode defined for component null
2021-02-14 12:35:53,740 [WARN] ModelIntegratedComponent:51 - No mode defined for component null
2021-02-14 12:35:53,740 [WARN] ModelIntegratedComponent:51 - No mode defined for component null
2021-02-14 12:35:53,740 [WARN] ModelIntegratedComponent:51 - No mode defined for component null
2021-02-14 12:35:53,741 [WARN] ModelIntegratedComponent:51 - No mode defined for component null
2021-02-14 12:35:53,741 [WARN] ModelIntegratedComponent:51 - No mode defined for component null
2021-02-14 12:35:53,741 [WARN] ModelIntegratedComponent:51 - No mode defined for component null
2021-02-14 12:35:53,742 [WARN] ModelIntegratedComponent:51 - No mode defined for component null
2021-02-14 12:35:53,742 [WARN] ModelIntegratedComponent:51 - No mode defined for component null
2021-02-14 12:35:53,742 [WARN] ModelIntegratedComponent:51 - No mode defined for component null
2021-02-14 12:35:53,743 [WARN] ModelIntegratedComponent:51 - No mode defined for component null
2021-02-14 12:35:53,743 [WARN] ModelIntegratedComponent:51 - No mode defined for component null
2021-02-14 12:35:53,743 [WARN] ModelIntegratedComponent:51 - No mode defined for component null
2021-02-14 12:35:53,743 [WARN] ModelIntegratedComponent:51 - No mode defined for component null
2021-02-14 12:35:53,743 [WARN] ModelIntegratedComponent:51 - No mode defined for component null
2021-02-14 12:35:53,744 [WARN] ModelIntegratedComponent:51 - No mode defined for component null
2021-02-14 12:35:53,744 [WARN] ModelIntegratedComponent:51 - No mode defined for component null
2021-02-14 12:35:53,744 [WARN] ModelIntegratedComponent:51 - No mode defined for component null
2021-02-14 12:35:53,744 [WARN] ModelIntegratedComponent:51 - No mode defined for component null
2021-02-14 12:35:53,744 [WARN] ModelIntegratedComponent:51 - No mode defined for component null
2021-02-14 12:35:53,744 [WARN] ModelIntegratedComponent:51 - No mode defined for component null
2021-02-14 12:35:53,750 [WARN] ApiManager:294 - Cannot register API 'Board Extension:S2868A1' from pack STMicroelectronics.X-CUBE-SFXS2LP1.2.0.0: no header file found
2021-02-14 12:35:53,750 [WARN] ApiManager:294 - Cannot register API 'Board Extension:S2868A2' from pack STMicroelectronics.X-CUBE-SFXS2LP1.2.0.0: no header file found
2021-02-14 12:35:53,751 [WARN] ApiManager:294 - Cannot register API 'Board Extension:S2915A1' from pack STMicroelectronics.X-CUBE-SFXS2LP1.2.0.0: no header file found
2021-02-14 12:35:53,939 [WARN] ApiManager:294 - Cannot register API 'Board Extension:IKS01A3' from pack STMicroelectronics.X-CUBE-MEMS1.8.2.0: no header file found
2021-02-14 12:35:53,939 [WARN] ApiManager:294 - Cannot register API 'Board Extension:IKS01A2' from pack STMicroelectronics.X-CUBE-MEMS1.8.2.0: no header file found
2021-02-14 12:35:53,940 [WARN] ApiManager:294 - Cannot register API 'Board Extension:IKS02A1' from pack STMicroelectronics.X-CUBE-MEMS1.8.2.0: no header file found
2021-02-14 12:35:53,961 [WARN] ApiManager:294 - Cannot register API 'Board Extension:EEPRMA1' from pack STMicroelectronics.X-CUBE-EEPRMA1.3.0.0: no header file found
2021-02-14 12:35:53,961 [WARN] ApiManager:294 - Cannot register API 'Board Extension:EEPRMA2' from pack STMicroelectronics.X-CUBE-EEPRMA1.3.0.0: no header file found
2021-02-14 12:35:53,964 [INFO] RtosManager:464 - Registered RTOS mode: class=CMSIS, group=RTOS, mode=CMSIS_V1, owner=FREERTOS
2021-02-14 12:35:53,965 [INFO] RtosManager:464 - Registered RTOS mode: class=CMSIS, group=RTOS2, mode=CMSIS_V2, owner=FREERTOS
2021-02-14 12:35:53,965 [INFO] RtosManager:464 - Registered RTOS mode: class=RTOS, group=Core, mode=CMSIS_V1, owner=FREERTOS
2021-02-14 12:35:53,966 [INFO] RtosManager:464 - Registered RTOS mode: class=RTOS, group=Core, mode=CMSIS_V2, owner=FREERTOS
2021-02-14 12:35:53,966 [WARN] ModelIntegratedComponent:182 - Missing modes for component STMicroelectronics:FreeRTOS:0.0.1:STMicroelectronics:RTOS:FreeRTOS:Core:::10.2.0:
2021-02-14 12:35:53,969 [WARN] ApiManager:294 - Cannot register API 'Board Extension:GNSS1A1' from pack STMicroelectronics.X-CUBE-GNSS1.5.1.0: no header file found
2021-02-14 12:35:53,969 [WARN] ApiManager:294 - Cannot register API 'Board Support:Custom' from pack STMicroelectronics.X-CUBE-GNSS1.5.1.0: no header file found
2021-02-14 12:35:53,970 [WARN] ApiManager:294 - Cannot register API 'Data Exchange:lib_gnss' from pack STMicroelectronics.X-CUBE-GNSS1.5.1.0: no header file found
2021-02-14 12:35:53,971 [WARN] ApiManager:294 - Cannot register API 'Wireless:BlueNRG-MS' from pack STMicroelectronics.X-CUBE-BLE1.6.1.0: no header file found
2021-02-14 12:35:53,973 [WARN] ApiManager:294 - Cannot register API 'Board Extension:NFC04A1' from pack STMicroelectronics.X-CUBE-NFC4.2.0.1: no header file found
2021-02-14 12:35:53,975 [WARN] ApiManager:294 - Cannot register API 'Wireless:BlueNRG-2' from pack STMicroelectronics.X-CUBE-BLE2.3.1.0: no header file found
2021-02-14 12:35:55,516 [INFO] UtilMem:74 - End LoadConfig() Used Memory: 444225424 Bytes (773849088)
2021-02-14 12:35:55,520 [INFO] DbMcusXml:97 - Load MCU database from /Applications/STM32CubeIDE.app/Contents/Eclipse/plugins/com.st.stm32cube.common.mx_6.1.1.202012091304//db//mcu/families.xml
2021-02-14 12:35:57,042 [INFO] DbMcusJson:92 - JSON generation date=Mon Feb 08 08:35:07 EST 2021 (1612791307)
2021-02-14 12:35:58,409 [INFO] DbMcus:176 - Found 1835 MCUs (1796 are supported by CubeMX, 1804 are visible in CubeMX)
2021-02-14 12:35:58,412 [INFO] ApiDb:238 - Load user favorites file /Users/Dian/.stm32cubeide/favorites.mcus.txt: 1 item(s)
2021-02-14 12:35:58,412 [INFO] ApiDb:242 - User favorites MCUs=[STM32L4S5VITx]
2021-02-14 12:35:58,414 [INFO] DbMcus:188 - Set 1 / 1 favorites MCUs
2021-02-14 12:35:58,421 [WARN] ThirdParty:749 - waiting for thirdparty lock release [change project]
2021-02-14 12:35:58,424 [INFO] ThirdParty:751 - entering critical section [change project]
2021-02-14 12:35:58,424 [INFO] ThirdParty:939 - CMSIS Pack Vendor :STMicroelectronics USB_HOST 2.0.0
2021-02-14 12:35:58,425 [INFO] ThirdParty:939 - CMSIS Pack Vendor :STMicroelectronics X-CUBE-SUBG2 3.0.1
2021-02-14 12:35:58,425 [INFO] ThirdParty:939 - CMSIS Pack Vendor :STMicroelectronics USB_DEVICE 3.0.0
2021-02-14 12:35:58,425 [INFO] ThirdParty:939 - CMSIS Pack Vendor :STMicroelectronics HAL Drivers 0.0.0
2021-02-14 12:35:58,425 [INFO] ThirdParty:939 - CMSIS Pack Vendor :STMicroelectronics MBEDTLS 2.16.2
2021-02-14 12:35:58,425 [INFO] ThirdParty:939 - CMSIS Pack Vendor :STMicroelectronics X-CUBE-SFXS2LP1 2.0.0
2021-02-14 12:35:58,426 [INFO] ThirdParty:939 - CMSIS Pack Vendor :STMicroelectronics MBEDTLS 2.14.1
2021-02-14 12:35:58,426 [INFO] ThirdParty:939 - CMSIS Pack Vendor :STMicroelectronics USB_DEVICE 2.0.0
2021-02-14 12:35:58,426 [INFO] ThirdParty:939 - CMSIS Pack Vendor :STMicroelectronics X-CUBE-MEMS1 8.2.0
2021-02-14 12:35:58,426 [INFO] ThirdParty:939 - CMSIS Pack Vendor :STMicroelectronics X-CUBE-EEPRMA1 3.0.0
2021-02-14 12:35:58,427 [INFO] ThirdParty:939 - CMSIS Pack Vendor :STMicroelectronics X-CUBE-DISPLAY 1.0.0
2021-02-14 12:35:58,427 [INFO] ThirdParty:939 - CMSIS Pack Vendor :STMicroelectronics FreeRTOS 0.0.1
2021-02-14 12:35:58,427 [INFO] ThirdParty:939 - CMSIS Pack Vendor :STMicroelectronics USB_DEVICE 1.0.0
2021-02-14 12:35:58,427 [INFO] ThirdParty:939 - CMSIS Pack Vendor :STMicroelectronics X-CUBE-ALGOBUILD 1.1.0
2021-02-14 12:35:58,427 [INFO] ThirdParty:939 - CMSIS Pack Vendor :STMicroelectronics X-CUBE-GNSS1 5.1.0
2021-02-14 12:35:58,428 [INFO] ThirdParty:939 - CMSIS Pack Vendor :STMicroelectronics X-CUBE-BLE1 6.1.0
2021-02-14 12:35:58,428 [INFO] ThirdParty:939 - CMSIS Pack Vendor :STMicroelectronics lwIP 2.0.3
2021-02-14 12:35:58,428 [INFO] ThirdParty:939 - CMSIS Pack Vendor :STMicroelectronics lwIP 2.1.2
2021-02-14 12:35:58,428 [INFO] ThirdParty:939 - CMSIS Pack Vendor :STMicroelectronics USB_HOST 1.0.0
2021-02-14 12:35:58,428 [INFO] ThirdParty:939 - CMSIS Pack Vendor :STMicroelectronics X-CUBE-NFC4 2.0.1
2021-02-14 12:35:58,429 [INFO] ThirdParty:939 - CMSIS Pack Vendor :STMicroelectronics X-CUBE-AI 5.2.0
2021-02-14 12:35:58,429 [INFO] ThirdParty:939 - CMSIS Pack Vendor :STMicroelectronics PDM2PCM 3.1.0
2021-02-14 12:35:58,429 [INFO] ThirdParty:939 - CMSIS Pack Vendor :STMicroelectronics X-CUBE-TOUCHGFX 4.16.0
2021-02-14 12:35:58,429 [INFO] ThirdParty:939 - CMSIS Pack Vendor :STMicroelectronics PDM2PCM 3.2.0
2021-02-14 12:35:58,429 [INFO] ThirdParty:939 - CMSIS Pack Vendor :STMicroelectronics X-CUBE-BLE2 3.1.0
2021-02-14 12:35:58,430 [INFO] ThirdParty:939 - CMSIS Pack Vendor :STMicroelectronics PDM2PCM 3.3.0
2021-02-14 12:35:58,430 [INFO] ThirdParty:757 - exiting critical section [change project]
2021-02-14 12:35:59,343 [INFO] PinOutPanel:1434 - setPackage(No Configuration,No Configuration)
2021-02-14 12:35:59,345 [INFO] PinOutPanel:1434 - setPackage(STM32L4S5VITx,LQFP100)
2021-02-14 12:36:00,490 [INFO] UtilMem:74 - Before build in PCC Used Memory: 426315680 Bytes (773849088)
2021-02-14 12:36:01,667 [INFO] SharedServices:72 - Folder for power plug-in: /Users/Dian/.stm32cubemx/plugins/power
2021-02-14 12:36:01,775 [INFO] SharedServices:72 - Folder for power plug-in: /Users/Dian/.stm32cubemx/plugins/power
2021-02-14 12:36:01,997 [INFO] SharedServices:72 - Folder for power plug-in: /Users/Dian/.stm32cubemx/plugins/power
2021-02-14 12:36:02,028 [INFO] SharedServices:72 - Folder for power plug-in: /Users/Dian/.stm32cubemx/plugins/power
2021-02-14 12:36:02,736 [INFO] UtilMem:74 - After build in PCC Used Memory: 509113056 Bytes (773849088)
2021-02-14 12:36:02,781 [INFO] IPUIPlugin:64 - create IPUIPlugin
2021-02-14 12:36:02,782 [INFO] IPUIPlugin:64 - create IPUIPlugin
2021-02-14 12:36:02,783 [INFO] IPUIPlugin:64 - create IPUIPlugin
2021-02-14 12:36:02,783 [INFO] IPUIPlugin:64 - create IPUIPlugin
2021-02-14 12:36:02,784 [INFO] IPUIPlugin:64 - create IPUIPlugin
2021-02-14 12:36:02,784 [INFO] IPUIPlugin:64 - create IPUIPlugin
2021-02-14 12:36:02,785 [INFO] IPUIPlugin:64 - create IPUIPlugin
2021-02-14 12:36:02,785 [INFO] IPUIPlugin:64 - create IPUIPlugin
2021-02-14 12:36:02,786 [INFO] IPUIPlugin:64 - create IPUIPlugin
2021-02-14 12:36:02,786 [INFO] IPUIPlugin:64 - create IPUIPlugin
2021-02-14 12:36:02,787 [INFO] IPUIPlugin:64 - create IPUIPlugin
2021-02-14 12:36:02,790 [INFO] IPUIPlugin:64 - create IPUIPlugin
2021-02-14 12:36:02,790 [INFO] IPUIPlugin:64 - create IPUIPlugin
2021-02-14 12:36:02,793 [INFO] IPUIPlugin:64 - create IPUIPlugin
2021-02-14 12:36:02,794 [INFO] IPUIPlugin:64 - create IPUIPlugin
2021-02-14 12:36:02,794 [INFO] IPUIPlugin:64 - create IPUIPlugin
2021-02-14 12:36:02,795 [INFO] IPUIPlugin:64 - create IPUIPlugin
2021-02-14 12:36:02,795 [INFO] IPUIPlugin:64 - create IPUIPlugin
2021-02-14 12:36:02,797 [INFO] IPUIPlugin:64 - create IPUIPlugin
2021-02-14 12:36:02,798 [INFO] IPUIPlugin:64 - create IPUIPlugin
2021-02-14 12:36:02,799 [INFO] IPUIPlugin:64 - create IPUIPlugin
2021-02-14 12:36:02,801 [INFO] IPUIPlugin:64 - create IPUIPlugin
2021-02-14 12:36:02,802 [INFO] IPUIPlugin:64 - create IPUIPlugin
2021-02-14 12:36:02,803 [INFO] IPUIPlugin:64 - create IPUIPlugin
2021-02-14 12:36:02,803 [INFO] IPUIPlugin:64 - create IPUIPlugin
2021-02-14 12:36:02,804 [INFO] IPUIPlugin:64 - create IPUIPlugin
2021-02-14 12:36:02,804 [INFO] IPUIPlugin:64 - create IPUIPlugin
2021-02-14 12:36:02,805 [INFO] IPUIPlugin:64 - create IPUIPlugin
2021-02-14 12:36:02,806 [INFO] IPUIPlugin:64 - create IPUIPlugin
2021-02-14 12:36:02,807 [INFO] IPUIPlugin:64 - create IPUIPlugin
2021-02-14 12:36:02,807 [INFO] IPUIPlugin:64 - create IPUIPlugin
2021-02-14 12:36:02,808 [INFO] IPUIPlugin:64 - create IPUIPlugin
2021-02-14 12:36:02,809 [INFO] IPUIPlugin:64 - create IPUIPlugin
2021-02-14 12:36:02,810 [INFO] IPUIPlugin:64 - create IPUIPlugin
2021-02-14 12:36:02,812 [INFO] IPUIPlugin:64 - create IPUIPlugin
2021-02-14 12:36:02,813 [INFO] IPUIPlugin:64 - create IPUIPlugin
2021-02-14 12:36:02,815 [INFO] IPUIPlugin:64 - create IPUIPlugin
2021-02-14 12:36:02,815 [INFO] IPUIPlugin:64 - create IPUIPlugin
2021-02-14 12:36:02,816 [INFO] IPUIPlugin:64 - create IPUIPlugin
2021-02-14 12:36:02,816 [INFO] IPUIPlugin:64 - create IPUIPlugin
2021-02-14 12:36:02,817 [INFO] IPUIPlugin:64 - create IPUIPlugin
2021-02-14 12:36:02,818 [INFO] IPUIPlugin:64 - create IPUIPlugin
2021-02-14 12:36:02,818 [INFO] IPUIPlugin:64 - create IPUIPlugin
2021-02-14 12:36:02,819 [INFO] IPUIPlugin:64 - create IPUIPlugin
2021-02-14 12:36:02,819 [INFO] IPUIPlugin:64 - create IPUIPlugin
2021-02-14 12:36:02,820 [INFO] IPUIPlugin:64 - create IPUIPlugin
2021-02-14 12:36:02,820 [INFO] IPUIPlugin:64 - create IPUIPlugin
2021-02-14 12:36:02,820 [INFO] IPUIPlugin:64 - create IPUIPlugin
2021-02-14 12:36:02,821 [INFO] IPUIPlugin:64 - create IPUIPlugin
2021-02-14 12:36:02,821 [INFO] IPUIPlugin:64 - create IPUIPlugin
2021-02-14 12:36:02,822 [INFO] IPUIPlugin:64 - create IPUIPlugin
2021-02-14 12:36:02,822 [INFO] IPUIPlugin:64 - create IPUIPlugin
2021-02-14 12:36:02,823 [INFO] IPUIPlugin:64 - create IPUIPlugin
2021-02-14 12:36:02,824 [INFO] IPUIPlugin:64 - create IPUIPlugin
2021-02-14 12:36:02,825 [INFO] IPUIPlugin:64 - create IPUIPlugin
2021-02-14 12:36:02,826 [INFO] IPUIPlugin:64 - create IPUIPlugin
2021-02-14 12:36:02,827 [INFO] IPUIPlugin:64 - create IPUIPlugin
2021-02-14 12:36:02,827 [INFO] IPUIPlugin:64 - create IPUIPlugin
2021-02-14 12:36:02,828 [INFO] IPUIPlugin:64 - create IPUIPlugin
2021-02-14 12:36:02,829 [INFO] IPUIPlugin:64 - create IPUIPlugin
2021-02-14 12:36:02,830 [INFO] IPUIPlugin:64 - create IPUIPlugin
2021-02-14 12:36:02,832 [INFO] IPUIPlugin:64 - create IPUIPlugin
2021-02-14 12:36:02,833 [INFO] IPUIPlugin:64 - create IPUIPlugin
2021-02-14 12:36:02,895 [INFO] LogOutputStream:76 - [STDOUT_REDIRECT] toolchainItems.length=====1
2021-02-14 12:36:03,186 [INFO] OpenFileManager:294 - Restore cursor
